Using pre-set license
Built from '2020.2/release' branch; Version is '2020.2.2f1 (068178b99f32) revision 426360'; Using compiler version '192528614'; Build Type 'Release'
OS: 'Windows 10 Pro; OS build 19044.1766; Version 2009; 64bit' Language: 'tr' Physical Memory: 16275 MB
BatchMode: 1, IsHumanControllingUs: 0, StartBugReporterOnCrash: 0, Is64bit: 1, IsPro: 0

 COMMAND LINE ARGUMENTS:
C:\Program Files\Unity\Hub\Editor\2020.2.2f1\Editor\Unity.exe
-adb2
-batchMode
-noUpm
-name
AssetImportWorker0
-projectPath
C:/Users/TR/Desktop/Games/PokerGame
-logFile
Logs/AssetImportWorker0.log
-srvPort
65041
Successfully changed project path to: C:/Users/TR/Desktop/Games/PokerGame
C:/Users/TR/Desktop/Games/PokerGame
Using Asset Import Pipeline V2.
Refreshing native plugins compatible for Editor in 125.38 ms, found 0 plugins.
Preloading 0 native plugins for Editor in 0.00 ms.
Initialize engine version: 2020.2.2f1 (068178b99f32)
[Subsystems] Discovering subsystems at path C:/Program Files/Unity/Hub/Editor/2020.2.2f1/Editor/Data/Resources/UnitySubsystems
[Subsystems] Discovering subsystems at path C:/Users/TR/Desktop/Games/PokerGame/Assets
GfxDevice: creating device client; threaded=0
Direct3D:
    Version:  Direct3D 11.0 [level 11.1]
    Renderer: NVIDIA GeForce GTX 1650 (ID=0x2188)
    Vendor:   
    VRAM:     3962 MB
    Driver:   30.0.15.1259
Initialize mono
Mono path[0] = 'C:/Program Files/Unity/Hub/Editor/2020.2.2f1/Editor/Data/Managed'
Mono path[1] = 'C:/Program Files/Unity/Hub/Editor/2020.2.2f1/Editor/Data/MonoBleedingEdge/lib/mono/unityjit'
Mono config path = 'C:/Program Files/Unity/Hub/Editor/2020.2.2f1/Editor/Data/MonoBleedingEdge/etc'
Using monoOptions --debugger-agent=transport=dt_socket,embedding=1,server=y,suspend=n,address=127.0.0.1:56696
Begin MonoManager ReloadAssembly
Registering precompiled unity dll's ...
Register platform support module: C:/Program Files/Unity/Hub/Editor/2020.2.2f1/Editor/Data/PlaybackEngines/WebGLSupport/UnityEditor.WebGL.Extensions.dll
Register platform support module: C:/Program Files/Unity/Hub/Editor/2020.2.2f1/Editor/Data/PlaybackEngines/WindowsStandaloneSupport/UnityEditor.WindowsStandalone.Extensions.dll
Registered in 0.001996 seconds.
Native extension for WindowsStandalone target not found
Native extension for WebGL target not found
Refreshing native plugins compatible for Editor in 47.38 ms, found 0 plugins.
Preloading 0 native plugins for Editor in 0.00 ms.
Invoked RoslynAnalysisRunner static constructor.
RoslynAnalysisRunner will not be running.
RoslynAnalysisRunner has terminated.
Mono: successfully reloaded assembly
- Completed reload, in  1.772 seconds
Platform modules already initialized, skipping
Registering precompiled user dll's ...
Registered in 0.001380 seconds.
Begin MonoManager ReloadAssembly
Native extension for WindowsStandalone target not found
Native extension for WebGL target not found
Refreshing native plugins compatible for Editor in 48.94 ms, found 0 plugins.
Preloading 0 native plugins for Editor in 0.00 ms.
Invoked RoslynAnalysisRunner static constructor.
RoslynAnalysisRunner will not be running.
RoslynAnalysisRunner has terminated.
Mono: successfully reloaded assembly
- Completed reload, in  1.064 seconds
Platform modules already initialized, skipping
========================================================================
Worker process is ready to serve import requests
Shader 'Universal Render Pipeline/Particles/Lit': fallback shader 'Universal Render Pipeline/Particles/SimpleLit' not found
Shader 'Universal Render Pipeline/Particles/Lit': fallback shader 'Universal Render Pipeline/Particles/SimpleLit' not found
Launched and connected shader compiler UnityShaderCompiler.exe after 0.04 seconds
Refreshing native plugins compatible for Editor in 0.95 ms, found 0 plugins.
Preloading 0 native plugins for Editor in 0.00 ms.
Unloading 2397 Unused Serialized files (Serialized files now loaded: 0)
System memory in use before: 110.7 MB.
System memory in use after: 108.6 MB.

Unloading 45 unused Assets to reduce memory usage. Loaded Objects now: 2802.
Total: 6.320100 ms (FindLiveObjects: 0.873600 ms CreateObjectMapping: 0.272700 ms MarkObjects: 3.654600 ms  DeleteObjects: 1.516200 ms)

========================================================================
Received Import Request.
  path: Assets/Readme.asset
  artifactKey: Guid(83c2ed844a8c74b779a4c823d16594b1) Importer(815301076,1909f56bfc062723c751e8b465ee728b)
Start importing Assets/Readme.asset using Guid(83c2ed844a8c74b779a4c823d16594b1) Importer(815301076,1909f56bfc062723c751e8b465ee728b)  -> (artifact id: '3b3473d83357613cd2f6b35c5fc253af') in 0.043844 seconds
  Import took 0.050121 seconds .

========================================================================
Received Import Request.
  Time since last request: 0.006180 seconds.
  path: Assets/Readme.asset
  artifactKey: Guid(83c2ed844a8c74b779a4c823d16594b1) Importer(815301076,1909f56bfc062723c751e8b465ee728b)
Start importing Assets/Readme.asset using Guid(83c2ed844a8c74b779a4c823d16594b1) Importer(815301076,1909f56bfc062723c751e8b465ee728b)  -> (artifact id: '3b3473d83357613cd2f6b35c5fc253af') in 0.008424 seconds
  Import took 0.015778 seconds .

========================================================================
Received Import Request.
  Time since last request: 2550.255266 seconds.
  path: Assets/Scenes
  artifactKey: Guid(dc138768477dfec4a97b1b474ec5b4f1) Importer(815301076,1909f56bfc062723c751e8b465ee728b)
Start importing Assets/Scenes using Guid(dc138768477dfec4a97b1b474ec5b4f1) Importer(815301076,1909f56bfc062723c751e8b465ee728b)  -> (artifact id: '7dbad58f598430ae3dfc983badb4a8e6') in 0.008091 seconds
  Import took 0.012267 seconds .

========================================================================
Received Import Request.
  Time since last request: 0.001038 seconds.
  path: Assets/Scenes
  artifactKey: Guid(dc138768477dfec4a97b1b474ec5b4f1) Importer(815301076,1909f56bfc062723c751e8b465ee728b)
Start importing Assets/Scenes using Guid(dc138768477dfec4a97b1b474ec5b4f1) Importer(815301076,1909f56bfc062723c751e8b465ee728b)  -> (artifact id: '7dbad58f598430ae3dfc983badb4a8e6') in 0.002294 seconds
  Import took 0.005590 seconds .

========================================================================
Received Import Request.
  Time since last request: 1.819905 seconds.
  path: Assets/Scenes/SampleScene.unity
  artifactKey: Guid(d1c3109bdb54ad54c8a2b2838528e640) Importer(815301076,1909f56bfc062723c751e8b465ee728b)
Start importing Assets/Scenes/SampleScene.unity using Guid(d1c3109bdb54ad54c8a2b2838528e640) Importer(815301076,1909f56bfc062723c751e8b465ee728b)  -> (artifact id: '14c20835236011193c27be796707fe82') in 0.007847 seconds
  Import took 0.011665 seconds .

========================================================================
Received Import Request.
  Time since last request: 15.470654 seconds.
  path: Assets/Scenes/Login.unity
  artifactKey: Guid(349eabaa95978b248a05dac85bf05bc4) Importer(815301076,1909f56bfc062723c751e8b465ee728b)
Start importing Assets/Scenes/Login.unity using Guid(349eabaa95978b248a05dac85bf05bc4) Importer(815301076,1909f56bfc062723c751e8b465ee728b)  -> (artifact id: '6698119d256565367977f5463c818b51') in 0.007205 seconds
  Import took 0.011061 seconds .

========================================================================
Received Import Request.
  Time since last request: 8.900304 seconds.
  path: Assets/Scenes/Game.unity
  artifactKey: Guid(8cf9f8f019135414497104f2d6c4aa28) Importer(815301076,1909f56bfc062723c751e8b465ee728b)
Start importing Assets/Scenes/Game.unity using Guid(8cf9f8f019135414497104f2d6c4aa28) Importer(815301076,1909f56bfc062723c751e8b465ee728b)  -> (artifact id: 'cf9a9bb5694ee3d8a6c36759e7bcc49d') in 0.006629 seconds
  Import took 0.010382 seconds .

========================================================================
Received Import Request.
  Time since last request: 0.003454 seconds.
  path: Assets/Scenes/Game.unity
  artifactKey: Guid(8cf9f8f019135414497104f2d6c4aa28) Importer(815301076,1909f56bfc062723c751e8b465ee728b)
Start importing Assets/Scenes/Game.unity using Guid(8cf9f8f019135414497104f2d6c4aa28) Importer(815301076,1909f56bfc062723c751e8b465ee728b)  -> (artifact id: 'cf9a9bb5694ee3d8a6c36759e7bcc49d') in 0.002484 seconds
  Import took 0.006183 seconds .

AssetImportWorkerClient::OnTransportError - code=2 error=End of file
